2023-10-14T22:27:01.639+02:00  INFO 22884 --- [restartedMain] c.p.P.ProjectAlt96Application            : Starting ProjectAlt96Application using Java 17.0.8 with PID 22884 (C:\Users\jokmo\IdeaProjects\ProjectAlt96\Backend\target\classes started by jokmo in C:\Users\jokmo\IdeaProjects\ProjectAlt96)
2023-10-14T22:27:01.640+02:00  INFO 22884 --- [restartedMain] c.p.P.ProjectAlt96Application            : No active profile set, falling back to 1 default profile: "default"
2023-10-14T22:27:01.687+02:00  INFO 22884 --- [restartedMain] .e.DevToolsPropertyDefaultsPostProcessor : Devtools property defaults active! Set 'spring.devtools.add-properties' to 'false' to disable
2023-10-14T22:27:01.688+02:00  INFO 22884 --- [restartedMain] .e.DevToolsPropertyDefaultsPostProcessor : For additional web related logging consider setting the 'logging.level.web' property to 'DEBUG'
2023-10-14T22:27:02.332+02:00  INFO 22884 --- [restartedMain] .s.d.r.c.RepositoryConfigurationDelegate : Bootstrapping Spring Data JPA repositories in DEFAULT mode.
2023-10-14T22:27:02.355+02:00  INFO 22884 --- [restartedMain] .s.d.r.c.RepositoryConfigurationDelegate : Finished Spring Data repository scanning in 14 ms. Found 0 JPA repository interfaces.
2023-10-14T22:27:03.222+02:00  INFO 22884 --- [restartedMain] o.s.b.w.embedded.tomcat.TomcatWebServer  : Tomcat initialized with port(s): 8082 (http)
2023-10-14T22:27:03.239+02:00  INFO 22884 --- [restartedMain] o.apache.catalina.core.StandardService   : Starting service [Tomcat]
2023-10-14T22:27:03.239+02:00  INFO 22884 --- [restartedMain] o.apache.catalina.core.StandardEngine    : Starting Servlet engine: [Apache Tomcat/10.1.12]
2023-10-14T22:27:03.311+02:00  INFO 22884 --- [restartedMain] o.a.c.c.C.[Tomcat].[localhost].[/]       : Initializing Spring embedded WebApplicationContext
2023-10-14T22:27:03.311+02:00  INFO 22884 --- [restartedMain] w.s.c.ServletWebServerApplicationContext : Root WebApplicationContext: initialization completed in 1623 ms
2023-10-14T22:27:03.503+02:00  INFO 22884 --- [restartedMain] o.hibernate.jpa.internal.util.LogHelper  : HHH000204: Processing PersistenceUnitInfo [name: default]
2023-10-14T22:27:03.570+02:00  INFO 22884 --- [restartedMain] org.hibernate.Version                    : HHH000412: Hibernate ORM core version 6.2.7.Final
2023-10-14T22:27:03.572+02:00  INFO 22884 --- [restartedMain] org.hibernate.cfg.Environment            : HHH000406: Using bytecode reflection optimizer
2023-10-14T22:27:03.718+02:00  INFO 22884 --- [restartedMain] o.h.b.i.BytecodeProviderInitiator        : HHH000021: Bytecode provider name : bytebuddy
2023-10-14T22:27:03.855+02:00  INFO 22884 --- [restartedMain] o.s.o.j.p.SpringPersistenceUnitInfo      : No LoadTimeWeaver setup: ignoring JPA class transformer
2023-10-14T22:27:03.872+02:00  INFO 22884 --- [restartedMain] com.zaxxer.hikari.HikariDataSource       : HikariPool-1 - Starting...
2023-10-14T22:27:04.235+02:00  INFO 22884 --- [restartedMain] com.zaxxer.hikari.pool.HikariPool        : HikariPool-1 - Added connection com.mysql.cj.jdbc.ConnectionImpl@7ce4ccc7
2023-10-14T22:27:04.237+02:00  INFO 22884 --- [restartedMain] com.zaxxer.hikari.HikariDataSource       : HikariPool-1 - Start completed.
2023-10-14T22:27:04.289+02:00  WARN 22884 --- [restartedMain] org.hibernate.orm.deprecation            : HHH90000026: MySQL8Dialect has been deprecated; use org.hibernate.dialect.MySQLDialect instead
2023-10-14T22:27:04.492+02:00  INFO 22884 --- [restartedMain] o.h.b.i.BytecodeProviderInitiator        : HHH000021: Bytecode provider name : bytebuddy
2023-10-14T22:27:05.000+02:00  INFO 22884 --- [restartedMain] o.h.e.t.j.p.i.JtaPlatformInitiator       : HHH000490: Using JtaPlatform implementation: [org.hibernate.engine.transaction.jta.platform.internal.NoJtaPlatform]
2023-10-14T22:27:05.111+02:00  INFO 22884 --- [restartedMain] j.LocalContainerEntityManagerFactoryBean : Initialized JPA EntityManagerFactory for persistence unit 'default'
2023-10-14T22:27:05.251+02:00  WARN 22884 --- [restartedMain] JpaBaseConfiguration$JpaWebConfiguration : spring.jpa.open-in-view is enabled by default. Therefore, database queries may be performed during view rendering. Explicitly configure spring.jpa.open-in-view to disable this warning
2023-10-14T22:27:05.904+02:00  INFO 22884 --- [restartedMain] o.s.s.web.DefaultSecurityFilterChain     : Will secure any request with [org.springframework.security.web.session.DisableEncodeUrlFilter@508b84a, org.springframework.security.web.context.request.async.WebAsyncManagerIntegrationFilter@6e109581, org.springframework.security.web.context.SecurityContextHolderFilter@4a3e50ac, org.springframework.security.web.header.HeaderWriterFilter@1382fa59, org.springframework.security.web.csrf.CsrfFilter@5e7fd539, org.springframework.security.web.authentication.logout.LogoutFilter@7ffb2905, org.springframework.security.web.authentication.UsernamePasswordAuthenticationFilter@2aa189e5, org.springframework.security.web.authentication.ui.DefaultLoginPageGeneratingFilter@5107bb31, org.springframework.security.web.authentication.ui.DefaultLogoutPageGeneratingFilter@b8b8f89, org.springframework.security.web.authentication.www.BasicAuthenticationFilter@7c82fe34, org.springframework.security.web.savedrequest.RequestCacheAwareFilter@17b590c5, org.springframework.security.web.servletapi.SecurityContextHolderAwareRequestFilter@41925966, org.springframework.security.web.authentication.AnonymousAuthenticationFilter@3f7aa03a, org.springframework.security.web.access.ExceptionTranslationFilter@628c0590, org.springframework.security.web.access.intercept.AuthorizationFilter@69f3c9ec]
2023-10-14T22:27:05.941+02:00  INFO 22884 --- [restartedMain] o.s.b.d.a.OptionalLiveReloadServer       : LiveReload server is running on port 35729
2023-10-14T22:27:05.970+02:00  INFO 22884 --- [restartedMain] o.s.b.w.embedded.tomcat.TomcatWebServer  : Tomcat started on port(s): 8082 (http) with context path ''
2023-10-14T22:27:05.981+02:00  INFO 22884 --- [restartedMain] c.p.P.ProjectAlt96Application            : Started ProjectAlt96Application in 4.676 seconds (process running for 5.277)
2023-10-14T22:43:14.185+02:00  INFO 22884 --- [SpringApplicationShutdownHook] j.LocalContainerEntityManagerFactoryBean : Closing JPA EntityManagerFactory for persistence unit 'default'
2023-10-14T22:43:14.188+02:00  INFO 22884 --- [SpringApplicationShutdownHook] com.zaxxer.hikari.HikariDataSource       : HikariPool-1 - Shutdown initiated...
2023-10-14T22:43:14.194+02:00  INFO 22884 --- [SpringApplicationShutdownHook] com.zaxxer.hikari.HikariDataSource       : HikariPool-1 - Shutdown completed.
